<?xml version="1.0" encoding="UTF-8"?>
<testng-results ignored="0" total="1" passed="1" failed="0" skipped="0">
  <reporter-output>
  </reporter-output>
  <suite started-at="2025-04-29T15:32:13 IST" name="Default suite" finished-at="2025-04-29T15:32:53 IST" duration-ms="40014">
    <groups>
    </groups>
    <test started-at="2025-04-29T15:32:13 IST" name="Default test" finished-at="2025-04-29T15:32:53 IST" duration-ms="40014">
      <class name="com.automation.tests.LoginTest">
        <test-method is-config="true" signature="setUp()[pri:0, instance:com.automation.tests.LoginTest@795509d9]" started-at="2025-04-29T15:32:13 IST" name="setUp" finished-at="2025-04-29T15:32:15 IST" duration-ms="2205" status="PASS">
          <reporter-output>
          </reporter-output>
        </test-method> <!-- setUp -->
        <test-method signature="testSuccessfulLogin()[pri:0, instance:com.automation.tests.LoginTest@795509d9]" started-at="2025-04-29T15:32:15 IST" name="testSuccessfulLogin" finished-at="2025-04-29T15:32:53 IST" duration-ms="37561" status="PASS">
          <reporter-output>
          </reporter-output>
        </test-method> <!-- testSuccessfulLogin -->
        <test-method is-config="true" signature="tearDown()[pri:0, instance:com.automation.tests.LoginTest@795509d9]" started-at="2025-04-29T15:32:53 IST" name="tearDown" finished-at="2025-04-29T15:32:53 IST" duration-ms="203" status="PASS">
          <reporter-output>
          </reporter-output>
        </test-method> <!-- tearDown -->
      </class> <!-- com.automation.tests.LoginTest -->
    </test> <!-- Default test -->
  </suite> <!-- Default suite -->
</testng-results>
