<?xml version="1.0" encoding="UTF-8"?>
<testng-results ignored="0" total="1" passed="1" failed="0" skipped="0">
  <reporter-output>
  </reporter-output>
  <suite started-at="2025-04-30T18:46:02 IST" name="Default suite" finished-at="2025-04-30T18:46:15 IST" duration-ms="13464">
    <groups>
    </groups>
    <test started-at="2025-04-30T18:46:02 IST" name="Default test" finished-at="2025-04-30T18:46:15 IST" duration-ms="13464">
      <class name="com.automation.tests.LoginTest">
        <test-method is-config="true" signature="setUp()[pri:0, instance:com.automation.tests.LoginTest@1caa0244]" started-at="2025-04-30T18:46:02 IST" name="setUp" finished-at="2025-04-30T18:46:04 IST" duration-ms="2100" status="PASS">
          <reporter-output>
          </reporter-output>
        </test-method> <!-- setUp -->
        <test-method signature="testSuccessfulLogin()[pri:0, instance:com.automation.tests.LoginTest@1caa0244]" started-at="2025-04-30T18:46:04 IST" name="testSuccessfulLogin" finished-at="2025-04-30T18:46:15 IST" duration-ms="11124" status="PASS">
          <reporter-output>
          </reporter-output>
        </test-method> <!-- testSuccessfulLogin -->
        <test-method is-config="true" signature="tearDown()[pri:0, instance:com.automation.tests.LoginTest@1caa0244]" started-at="2025-04-30T18:46:15 IST" name="tearDown" finished-at="2025-04-30T18:46:15 IST" duration-ms="186" status="PASS">
          <reporter-output>
          </reporter-output>
        </test-method> <!-- tearDown -->
      </class> <!-- com.automation.tests.LoginTest -->
    </test> <!-- Default test -->
  </suite> <!-- Default suite -->
</testng-results>
